<?xml version="1.0" encoding="UTF-8"?>
<!-- Generated by org.testng.reporters.JUnitReportReporter -->
<testsuite hostname="DESKTOP-IL13G2B" name="com.fanbuy.cn.demo.NewTest" tests="1" failures="0" timestamp="3 Dec 2018 03:10:57 GMT" time="0.006" errors="0">
  <testcase name="f" time="0.006" classname="com.fanbuy.cn.demo.NewTest"/>
</testsuite> <!-- com.fanbuy.cn.demo.NewTest -->
