<?xml version="1.0" encoding="UTF-8"?>
<!-- Generated by org.testng.reporters.JUnitReportReporter -->
<testsuite hostname="DESKTOP-IL13G2B" name="com.fanbuy.cn.demo.ParameterizedTest1" tests="1" failures="0" timestamp="3 Dec 2018 03:16:27 GMT" time="0.011" errors="0">
  <testcase name="ParaTest" time="0.011" classname="com.fanbuy.cn.demo.ParameterizedTest1"/>
</testsuite> <!-- com.fanbuy.cn.demo.ParameterizedTest1 -->
